<?xml version="1.0" encoding="UTF-8"?>
<testng-results ignored="0" total="2" passed="2" failed="0" skipped="0">
  <reporter-output>
  </reporter-output>
  <suite started-at="2023-03-11T15:09:24 IST" name="Suite" finished-at="2023-03-11T15:09:24 IST" duration-ms="96">
    <groups>
    </groups>
    <test started-at="2023-03-11T15:09:24 IST" name="Test" finished-at="2023-03-11T15:09:24 IST" duration-ms="96">
      <class name="practice.PracticeClass">
        <test-method signature="test()[pri:0, instance:practice.PracticeClass@71238fc2]" started-at="2023-03-11T15:09:24 IST" name="test" finished-at="2023-03-11T15:09:24 IST" duration-ms="15" status="PASS">
          <reporter-output>
          </reporter-output>
        </test-method> <!-- test -->
      </class> <!-- practice.PracticeClass -->
      <class name="practice.PractticeClass2">
        <test-method signature="test()[pri:0, instance:practice.PractticeClass2@22ef9844]" started-at="2023-03-11T15:09:24 IST" name="test" finished-at="2023-03-11T15:09:24 IST" duration-ms="2" status="PASS">
          <reporter-output>
          </reporter-output>
        </test-method> <!-- test -->
      </class> <!-- practice.PractticeClass2 -->
    </test> <!-- Test -->
  </suite> <!-- Suite -->
</testng-results>
